running install
running build
running build_py
creating build
creating build\lib.win32-2.6
copying PIL\ArgImagePlugin.py -> build\lib.win32-2.6
copying PIL\BdfFontFile.py -> build\lib.win32-2.6
copying PIL\BmpImagePlugin.py -> build\lib.win32-2.6
copying PIL\BufrStubImagePlugin.py -> build\lib.win32-2.6
copying PIL\ContainerIO.py -> build\lib.win32-2.6
copying PIL\CurImagePlugin.py -> build\lib.win32-2.6
copying PIL\DcxImagePlugin.py -> build\lib.win32-2.6
copying PIL\EpsImagePlugin.py -> build\lib.win32-2.6
copying PIL\ExifTags.py -> build\lib.win32-2.6
copying PIL\FitsStubImagePlugin.py -> build\lib.win32-2.6
copying PIL\FliImagePlugin.py -> build\lib.win32-2.6
copying PIL\FontFile.py -> build\lib.win32-2.6
copying PIL\FpxImagePlugin.py -> build\lib.win32-2.6
copying PIL\GbrImagePlugin.py -> build\lib.win32-2.6
copying PIL\GdImageFile.py -> build\lib.win32-2.6
copying PIL\GifImagePlugin.py -> build\lib.win32-2.6
copying PIL\GimpGradientFile.py -> build\lib.win32-2.6
copying PIL\GimpPaletteFile.py -> build\lib.win32-2.6
copying PIL\GribStubImagePlugin.py -> build\lib.win32-2.6
copying PIL\Hdf5StubImagePlugin.py -> build\lib.win32-2.6
copying PIL\IcnsImagePlugin.py -> build\lib.win32-2.6
copying PIL\IcoImagePlugin.py -> build\lib.win32-2.6
copying PIL\Image.py -> build\lib.win32-2.6
copying PIL\ImageChops.py -> build\lib.win32-2.6
copying PIL\ImageCms.py -> build\lib.win32-2.6
copying PIL\ImageColor.py -> build\lib.win32-2.6
copying PIL\ImageDraw.py -> build\lib.win32-2.6
copying PIL\ImageDraw2.py -> build\lib.win32-2.6
copying PIL\ImageEnhance.py -> build\lib.win32-2.6
copying PIL\ImageFile.py -> build\lib.win32-2.6
copying PIL\ImageFileIO.py -> build\lib.win32-2.6
copying PIL\ImageFilter.py -> build\lib.win32-2.6
copying PIL\ImageFont.py -> build\lib.win32-2.6
copying PIL\ImageGL.py -> build\lib.win32-2.6
copying PIL\ImageGrab.py -> build\lib.win32-2.6
copying PIL\ImageMath.py -> build\lib.win32-2.6
copying PIL\ImageMode.py -> build\lib.win32-2.6
copying PIL\ImageOps.py -> build\lib.win32-2.6
copying PIL\ImagePalette.py -> build\lib.win32-2.6
copying PIL\ImagePath.py -> build\lib.win32-2.6
copying PIL\ImageQt.py -> build\lib.win32-2.6
copying PIL\ImageSequence.py -> build\lib.win32-2.6
copying PIL\ImageShow.py -> build\lib.win32-2.6
copying PIL\ImageStat.py -> build\lib.win32-2.6
copying PIL\ImageTk.py -> build\lib.win32-2.6
copying PIL\ImageTransform.py -> build\lib.win32-2.6
copying PIL\ImageWin.py -> build\lib.win32-2.6
copying PIL\ImImagePlugin.py -> build\lib.win32-2.6
copying PIL\ImtImagePlugin.py -> build\lib.win32-2.6
copying PIL\IptcImagePlugin.py -> build\lib.win32-2.6
copying PIL\JpegImagePlugin.py -> build\lib.win32-2.6
copying PIL\McIdasImagePlugin.py -> build\lib.win32-2.6
copying PIL\MicImagePlugin.py -> build\lib.win32-2.6
copying PIL\MpegImagePlugin.py -> build\lib.win32-2.6
copying PIL\MspImagePlugin.py -> build\lib.win32-2.6
copying PIL\OleFileIO.py -> build\lib.win32-2.6
copying PIL\PaletteFile.py -> build\lib.win32-2.6
copying PIL\PalmImagePlugin.py -> build\lib.win32-2.6
copying PIL\PcdImagePlugin.py -> build\lib.win32-2.6
copying PIL\PcfFontFile.py -> build\lib.win32-2.6
copying PIL\PcxImagePlugin.py -> build\lib.win32-2.6
copying PIL\PdfImagePlugin.py -> build\lib.win32-2.6
copying PIL\PixarImagePlugin.py -> build\lib.win32-2.6
copying PIL\PngImagePlugin.py -> build\lib.win32-2.6
copying PIL\PpmImagePlugin.py -> build\lib.win32-2.6
copying PIL\PsdImagePlugin.py -> build\lib.win32-2.6
copying PIL\PSDraw.py -> build\lib.win32-2.6
copying PIL\SgiImagePlugin.py -> build\lib.win32-2.6
copying PIL\SpiderImagePlugin.py -> build\lib.win32-2.6
copying PIL\SunImagePlugin.py -> build\lib.win32-2.6
copying PIL\TarIO.py -> build\lib.win32-2.6
copying PIL\TgaImagePlugin.py -> build\lib.win32-2.6
copying PIL\TiffImagePlugin.py -> build\lib.win32-2.6
copying PIL\TiffTags.py -> build\lib.win32-2.6
copying PIL\WalImageFile.py -> build\lib.win32-2.6
copying PIL\WmfImagePlugin.py -> build\lib.win32-2.6
copying PIL\XbmImagePlugin.py -> build\lib.win32-2.6
copying PIL\XpmImagePlugin.py -> build\lib.win32-2.6
copying PIL\XVThumbImagePlugin.py -> build\lib.win32-2.6
copying PIL\__init__.py -> build\lib.win32-2.6
running build_ext
building '_imaging' extension
creating build\temp.win32-2.6
creating build\temp.win32-2.6\Release
creating build\temp.win32-2.6\Release\libImaging
C:\Program Files (x86)\Microsoft Visual Studio 9.0\VC\BIN\cl.exe /c /nologo /Ox /MD /W3 /GS- /DNDEBUG -DHAVE_LIBJPEG -DHAVE_LIBZ -DHAVE_LIBTIFF -IlibImaging -Ideps -IC:\Python26\include -IE:\python\pt2\PC /Tc_imaging.c /Fobuild\temp.win32-2.6\Release\_imaging.obj
_imaging.c
C:\Program Files (x86)\Microsoft Visual Studio 9.0\VC\BIN\cl.exe /c /nologo /Ox /MD /W3 /GS- /DNDEBUG -DHAVE_LIBJPEG -DHAVE_LIBZ -DHAVE_LIBTIFF -IlibImaging -Ideps -IC:\Python26\include -IE:\python\pt2\PC /Tcdecode.c /Fobuild\temp.win32-2.6\Release\decode.obj
decode.c
e:\python\pt2\build\pil\deps\jmorecfg.h(165) : warning C4142: benign redefinition of type
C:\Program Files (x86)\Microsoft Visual Studio 9.0\VC\BIN\cl.exe /c /nologo /Ox /MD /W3 /GS- /DNDEBUG -DHAVE_LIBJPEG -DHAVE_LIBZ -DHAVE_LIBTIFF -IlibImaging -Ideps -IC:\Python26\include -IE:\python\pt2\PC /Tcencode.c /Fobuild\temp.win32-2.6\Release\encode.obj
encode.c
e:\python\pt2\build\pil\deps\jmorecfg.h(165) : warning C4142: benign redefinition of type
C:\Program Files (x86)\Microsoft Visual Studio 9.0\VC\BIN\cl.exe /c /nologo /Ox /MD /W3 /GS- /DNDEBUG -DHAVE_LIBJPEG -DHAVE_LIBZ -DHAVE_LIBTIFF -IlibImaging -Ideps -IC:\Python26\include -IE:\python\pt2\PC /Tcmap.c /Fobuild\temp.win32-2.6\Release\map.obj
map.c
C:\Program Files (x86)\Microsoft Visual Studio 9.0\VC\BIN\cl.exe /c /nologo /Ox /MD /W3 /GS- /DNDEBUG -DHAVE_LIBJPEG -DHAVE_LIBZ -DHAVE_LIBTIFF -IlibImaging -Ideps -IC:\Python26\include -IE:\python\pt2\PC /Tcdisplay.c /Fobuild\temp.win32-2.6\Release\display.obj
display.c
C:\Program Files (x86)\Microsoft Visual Studio 9.0\VC\BIN\cl.exe /c /nologo /Ox /MD /W3 /GS- /DNDEBUG -DHAVE_LIBJPEG -DHAVE_LIBZ -DHAVE_LIBTIFF -IlibImaging -Ideps -IC:\Python26\include -IE:\python\pt2\PC /Tcoutline.c /Fobuild\temp.win32-2.6\Release\outline.obj
outline.c
C:\Program Files (x86)\Microsoft Visual Studio 9.0\VC\BIN\cl.exe /c /nologo /Ox /MD /W3 /GS- /DNDEBUG -DHAVE_LIBJPEG -DHAVE_LIBZ -DHAVE_LIBTIFF -IlibImaging -Ideps -IC:\Python26\include -IE:\python\pt2\PC /Tcpath.c /Fobuild\temp.win32-2.6\Release\path.obj
path.c
C:\Program Files (x86)\Microsoft Visual Studio 9.0\VC\BIN\cl.exe /c /nologo /Ox /MD /W3 /GS- /DNDEBUG -DHAVE_LIBJPEG -DHAVE_LIBZ -DHAVE_LIBTIFF -IlibImaging -Ideps -IC:\Python26\include -IE:\python\pt2\PC /TclibImaging\Access.c /Fobuild\temp.win32-2.6\Release\libImaging\Access.obj
Access.c
C:\Program Files (x86)\Microsoft Visual Studio 9.0\VC\BIN\cl.exe /c /nologo /Ox /MD /W3 /GS- /DNDEBUG -DHAVE_LIBJPEG -DHAVE_LIBZ -DHAVE_LIBTIFF -IlibImaging -Ideps -IC:\Python26\include -IE:\python\pt2\PC /TclibImaging\Antialias.c /Fobuild\temp.win32-2.6\Release\libImaging\Antialias.obj
Antialias.c
C:\Program Files (x86)\Microsoft Visual Studio 9.0\VC\BIN\cl.exe /c /nologo /Ox /MD /W3 /GS- /DNDEBUG -DHAVE_LIBJPEG -DHAVE_LIBZ -DHAVE_LIBTIFF -IlibImaging -Ideps -IC:\Python26\include -IE:\python\pt2\PC /TclibImaging\Bands.c /Fobuild\temp.win32-2.6\Release\libImaging\Bands.obj
Bands.c
C:\Program Files (x86)\Microsoft Visual Studio 9.0\VC\BIN\cl.exe /c /nologo /Ox /MD /W3 /GS- /DNDEBUG -DHAVE_LIBJPEG -DHAVE_LIBZ -DHAVE_LIBTIFF -IlibImaging -Ideps -IC:\Python26\include -IE:\python\pt2\PC /TclibImaging\BitDecode.c /Fobuild\temp.win32-2.6\Release\libImaging\BitDecode.obj
BitDecode.c
C:\Program Files (x86)\Microsoft Visual Studio 9.0\VC\BIN\cl.exe /c /nologo /Ox /MD /W3 /GS- /DNDEBUG -DHAVE_LIBJPEG -DHAVE_LIBZ -DHAVE_LIBTIFF -IlibImaging -Ideps -IC:\Python26\include -IE:\python\pt2\PC /TclibImaging\Blend.c /Fobuild\temp.win32-2.6\Release\libImaging\Blend.obj
Blend.c
C:\Program Files (x86)\Microsoft Visual Studio 9.0\VC\BIN\cl.exe /c /nologo /Ox /MD /W3 /GS- /DNDEBUG -DHAVE_LIBJPEG -DHAVE_LIBZ -DHAVE_LIBTIFF -IlibImaging -Ideps -IC:\Python26\include -IE:\python\pt2\PC /TclibImaging\Chops.c /Fobuild\temp.win32-2.6\Release\libImaging\Chops.obj
Chops.c
C:\Program Files (x86)\Microsoft Visual Studio 9.0\VC\BIN\cl.exe /c /nologo /Ox /MD /W3 /GS- /DNDEBUG -DHAVE_LIBJPEG -DHAVE_LIBZ -DHAVE_LIBTIFF -IlibImaging -Ideps -IC:\Python26\include -IE:\python\pt2\PC /TclibImaging\Convert.c /Fobuild\temp.win32-2.6\Release\libImaging\Convert.obj
Convert.c
C:\Program Files (x86)\Microsoft Visual Studio 9.0\VC\BIN\cl.exe /c /nologo /Ox /MD /W3 /GS- /DNDEBUG -DHAVE_LIBJPEG -DHAVE_LIBZ -DHAVE_LIBTIFF -IlibImaging -Ideps -IC:\Python26\include -IE:\python\pt2\PC /TclibImaging\ConvertYCbCr.c /Fobuild\temp.win32-2.6\Release\libImaging\ConvertYCbCr.obj
ConvertYCbCr.c
C:\Program Files (x86)\Microsoft Visual Studio 9.0\VC\BIN\cl.exe /c /nologo /Ox /MD /W3 /GS- /DNDEBUG -DHAVE_LIBJPEG -DHAVE_LIBZ -DHAVE_LIBTIFF -IlibImaging -Ideps -IC:\Python26\include -IE:\python\pt2\PC /TclibImaging\Copy.c /Fobuild\temp.win32-2.6\Release\libImaging\Copy.obj
Copy.c
C:\Program Files (x86)\Microsoft Visual Studio 9.0\VC\BIN\cl.exe /c /nologo /Ox /MD /W3 /GS- /DNDEBUG -DHAVE_LIBJPEG -DHAVE_LIBZ -DHAVE_LIBTIFF -IlibImaging -Ideps -IC:\Python26\include -IE:\python\pt2\PC /TclibImaging\Crc32.c /Fobuild\temp.win32-2.6\Release\libImaging\Crc32.obj
Crc32.c
C:\Program Files (x86)\Microsoft Visual Studio 9.0\VC\BIN\cl.exe /c /nologo /Ox /MD /W3 /GS- /DNDEBUG -DHAVE_LIBJPEG -DHAVE_LIBZ -DHAVE_LIBTIFF -IlibImaging -Ideps -IC:\Python26\include -IE:\python\pt2\PC /TclibImaging\Crop.c /Fobuild\temp.win32-2.6\Release\libImaging\Crop.obj
Crop.c
C:\Program Files (x86)\Microsoft Visual Studio 9.0\VC\BIN\cl.exe /c /nologo /Ox /MD /W3 /GS- /DNDEBUG -DHAVE_LIBJPEG -DHAVE_LIBZ -DHAVE_LIBTIFF -IlibImaging -Ideps -IC:\Python26\include -IE:\python\pt2\PC /TclibImaging\Dib.c /Fobuild\temp.win32-2.6\Release\libImaging\Dib.obj
Dib.c
C:\Program Files (x86)\Microsoft Visual Studio 9.0\VC\BIN\cl.exe /c /nologo /Ox /MD /W3 /GS- /DNDEBUG -DHAVE_LIBJPEG -DHAVE_LIBZ -DHAVE_LIBTIFF -IlibImaging -Ideps -IC:\Python26\include -IE:\python\pt2\PC /TclibImaging\Draw.c /Fobuild\temp.win32-2.6\Release\libImaging\Draw.obj
Draw.c
C:\Program Files (x86)\Microsoft Visual Studio 9.0\VC\BIN\cl.exe /c /nologo /Ox /MD /W3 /GS- /DNDEBUG -DHAVE_LIBJPEG -DHAVE_LIBZ -DHAVE_LIBTIFF -IlibImaging -Ideps -IC:\Python26\include -IE:\python\pt2\PC /TclibImaging\Effects.c /Fobuild\temp.win32-2.6\Release\libImaging\Effects.obj
Effects.c
C:\Program Files (x86)\Microsoft Visual Studio 9.0\VC\BIN\cl.exe /c /nologo /Ox /MD /W3 /GS- /DNDEBUG -DHAVE_LIBJPEG -DHAVE_LIBZ -DHAVE_LIBTIFF -IlibImaging -Ideps -IC:\Python26\include -IE:\python\pt2\PC /TclibImaging\EpsEncode.c /Fobuild\temp.win32-2.6\Release\libImaging\EpsEncode.obj
EpsEncode.c
C:\Program Files (x86)\Microsoft Visual Studio 9.0\VC\BIN\cl.exe /c /nologo /Ox /MD /W3 /GS- /DNDEBUG -DHAVE_LIBJPEG -DHAVE_LIBZ -DHAVE_LIBTIFF -IlibImaging -Ideps -IC:\Python26\include -IE:\python\pt2\PC /TclibImaging\File.c /Fobuild\temp.win32-2.6\Release\libImaging\File.obj
File.c
C:\Program Files (x86)\Microsoft Visual Studio 9.0\VC\BIN\cl.exe /c /nologo /Ox /MD /W3 /GS- /DNDEBUG -DHAVE_LIBJPEG -DHAVE_LIBZ -DHAVE_LIBTIFF -IlibImaging -Ideps -IC:\Python26\include -IE:\python\pt2\PC /TclibImaging\Fill.c /Fobuild\temp.win32-2.6\Release\libImaging\Fill.obj
Fill.c
C:\Program Files (x86)\Microsoft Visual Studio 9.0\VC\BIN\cl.exe /c /nologo /Ox /MD /W3 /GS- /DNDEBUG -DHAVE_LIBJPEG -DHAVE_LIBZ -DHAVE_LIBTIFF -IlibImaging -Ideps -IC:\Python26\include -IE:\python\pt2\PC /TclibImaging\Filter.c /Fobuild\temp.win32-2.6\Release\libImaging\Filter.obj
Filter.c
C:\Program Files (x86)\Microsoft Visual Studio 9.0\VC\BIN\cl.exe /c /nologo /Ox /MD /W3 /GS- /DNDEBUG -DHAVE_LIBJPEG -DHAVE_LIBZ -DHAVE_LIBTIFF -IlibImaging -Ideps -IC:\Python26\include -IE:\python\pt2\PC /TclibImaging\FliDecode.c /Fobuild\temp.win32-2.6\Release\libImaging\FliDecode.obj
FliDecode.c
C:\Program Files (x86)\Microsoft Visual Studio 9.0\VC\BIN\cl.exe /c /nologo /Ox /MD /W3 /GS- /DNDEBUG -DHAVE_LIBJPEG -DHAVE_LIBZ -DHAVE_LIBTIFF -IlibImaging -Ideps -IC:\Python26\include -IE:\python\pt2\PC /TclibImaging\Geometry.c /Fobuild\temp.win32-2.6\Release\libImaging\Geometry.obj
Geometry.c
C:\Program Files (x86)\Microsoft Visual Studio 9.0\VC\BIN\cl.exe /c /nologo /Ox /MD /W3 /GS- /DNDEBUG -DHAVE_LIBJPEG -DHAVE_LIBZ -DHAVE_LIBTIFF -IlibImaging -Ideps -IC:\Python26\include -IE:\python\pt2\PC /TclibImaging\GetBBox.c /Fobuild\temp.win32-2.6\Release\libImaging\GetBBox.obj
GetBBox.c
C:\Program Files (x86)\Microsoft Visual Studio 9.0\VC\BIN\cl.exe /c /nologo /Ox /MD /W3 /GS- /DNDEBUG -DHAVE_LIBJPEG -DHAVE_LIBZ -DHAVE_LIBTIFF -IlibImaging -Ideps -IC:\Python26\include -IE:\python\pt2\PC /TclibImaging\GifDecode.c /Fobuild\temp.win32-2.6\Release\libImaging\GifDecode.obj
GifDecode.c
C:\Program Files (x86)\Microsoft Visual Studio 9.0\VC\BIN\cl.exe /c /nologo /Ox /MD /W3 /GS- /DNDEBUG -DHAVE_LIBJPEG -DHAVE_LIBZ -DHAVE_LIBTIFF -IlibImaging -Ideps -IC:\Python26\include -IE:\python\pt2\PC /TclibImaging\GifEncode.c /Fobuild\temp.win32-2.6\Release\libImaging\GifEncode.obj
GifEncode.c
C:\Program Files (x86)\Microsoft Visual Studio 9.0\VC\BIN\cl.exe /c /nologo /Ox /MD /W3 /GS- /DNDEBUG -DHAVE_LIBJPEG -DHAVE_LIBZ -DHAVE_LIBTIFF -IlibImaging -Ideps -IC:\Python26\include -IE:\python\pt2\PC /TclibImaging\HexDecode.c /Fobuild\temp.win32-2.6\Release\libImaging\HexDecode.obj
HexDecode.c
C:\Program Files (x86)\Microsoft Visual Studio 9.0\VC\BIN\cl.exe /c /nologo /Ox /MD /W3 /GS- /DNDEBUG -DHAVE_LIBJPEG -DHAVE_LIBZ -DHAVE_LIBTIFF -IlibImaging -Ideps -IC:\Python26\include -IE:\python\pt2\PC /TclibImaging\Histo.c /Fobuild\temp.win32-2.6\Release\libImaging\Histo.obj
Histo.c
C:\Program Files (x86)\Microsoft Visual Studio 9.0\VC\BIN\cl.exe /c /nologo /Ox /MD /W3 /GS- /DNDEBUG -DHAVE_LIBJPEG -DHAVE_LIBZ -DHAVE_LIBTIFF -IlibImaging -Ideps -IC:\Python26\include -IE:\python\pt2\PC /TclibImaging\JpegDecode.c /Fobuild\temp.win32-2.6\Release\libImaging\JpegDecode.obj
JpegDecode.c
e:\python\pt2\build\pil\deps\jmorecfg.h(165) : warning C4142: benign redefinition of type
C:\Program Files (x86)\Microsoft Visual Studio 9.0\VC\BIN\cl.exe /c /nologo /Ox /MD /W3 /GS- /DNDEBUG -DHAVE_LIBJPEG -DHAVE_LIBZ -DHAVE_LIBTIFF -IlibImaging -Ideps -IC:\Python26\include -IE:\python\pt2\PC /TclibImaging\JpegEncode.c /Fobuild\temp.win32-2.6\Release\libImaging\JpegEncode.obj
JpegEncode.c
e:\python\pt2\build\pil\deps\jmorecfg.h(165) : warning C4142: benign redefinition of type
C:\Program Files (x86)\Microsoft Visual Studio 9.0\VC\BIN\cl.exe /c /nologo /Ox /MD /W3 /GS- /DNDEBUG -DHAVE_LIBJPEG -DHAVE_LIBZ -DHAVE_LIBTIFF -IlibImaging -Ideps -IC:\Python26\include -IE:\python\pt2\PC /TclibImaging\LzwDecode.c /Fobuild\temp.win32-2.6\Release\libImaging\LzwDecode.obj
LzwDecode.c
C:\Program Files (x86)\Microsoft Visual Studio 9.0\VC\BIN\cl.exe /c /nologo /Ox /MD /W3 /GS- /DNDEBUG -DHAVE_LIBJPEG -DHAVE_LIBZ -DHAVE_LIBTIFF -IlibImaging -Ideps -IC:\Python26\include -IE:\python\pt2\PC /TclibImaging\Matrix.c /Fobuild\temp.win32-2.6\Release\libImaging\Matrix.obj
Matrix.c
C:\Program Files (x86)\Microsoft Visual Studio 9.0\VC\BIN\cl.exe /c /nologo /Ox /MD /W3 /GS- /DNDEBUG -DHAVE_LIBJPEG -DHAVE_LIBZ -DHAVE_LIBTIFF -IlibImaging -Ideps -IC:\Python26\include -IE:\python\pt2\PC /TclibImaging\ModeFilter.c /Fobuild\temp.win32-2.6\Release\libImaging\ModeFilter.obj
ModeFilter.c
C:\Program Files (x86)\Microsoft Visual Studio 9.0\VC\BIN\cl.exe /c /nologo /Ox /MD /W3 /GS- /DNDEBUG -DHAVE_LIBJPEG -DHAVE_LIBZ -DHAVE_LIBTIFF -IlibImaging -Ideps -IC:\Python26\include -IE:\python\pt2\PC /TclibImaging\MspDecode.c /Fobuild\temp.win32-2.6\Release\libImaging\MspDecode.obj
MspDecode.c
C:\Program Files (x86)\Microsoft Visual Studio 9.0\VC\BIN\cl.exe /c /nologo /Ox /MD /W3 /GS- /DNDEBUG -DHAVE_LIBJPEG -DHAVE_LIBZ -DHAVE_LIBTIFF -IlibImaging -Ideps -IC:\Python26\include -IE:\python\pt2\PC /TclibImaging\Negative.c /Fobuild\temp.win32-2.6\Release\libImaging\Negative.obj
Negative.c
C:\Program Files (x86)\Microsoft Visual Studio 9.0\VC\BIN\cl.exe /c /nologo /Ox /MD /W3 /GS- /DNDEBUG -DHAVE_LIBJPEG -DHAVE_LIBZ -DHAVE_LIBTIFF -IlibImaging -Ideps -IC:\Python26\include -IE:\python\pt2\PC /TclibImaging\Offset.c /Fobuild\temp.win32-2.6\Release\libImaging\Offset.obj
Offset.c
C:\Program Files (x86)\Microsoft Visual Studio 9.0\VC\BIN\cl.exe /c /nologo /Ox /MD /W3 /GS- /DNDEBUG -DHAVE_LIBJPEG -DHAVE_LIBZ -DHAVE_LIBTIFF -IlibImaging -Ideps -IC:\Python26\include -IE:\python\pt2\PC /TclibImaging\Pack.c /Fobuild\temp.win32-2.6\Release\libImaging\Pack.obj
Pack.c
C:\Program Files (x86)\Microsoft Visual Studio 9.0\VC\BIN\cl.exe /c /nologo /Ox /MD /W3 /GS- /DNDEBUG -DHAVE_LIBJPEG -DHAVE_LIBZ -DHAVE_LIBTIFF -IlibImaging -Ideps -IC:\Python26\include -IE:\python\pt2\PC /TclibImaging\PackDecode.c /Fobuild\temp.win32-2.6\Release\libImaging\PackDecode.obj
PackDecode.c
C:\Program Files (x86)\Microsoft Visual Studio 9.0\VC\BIN\cl.exe /c /nologo /Ox /MD /W3 /GS- /DNDEBUG -DHAVE_LIBJPEG -DHAVE_LIBZ -DHAVE_LIBTIFF -IlibImaging -Ideps -IC:\Python26\include -IE:\python\pt2\PC /TclibImaging\Palette.c /Fobuild\temp.win32-2.6\Release\libImaging\Palette.obj
Palette.c
C:\Program Files (x86)\Microsoft Visual Studio 9.0\VC\BIN\cl.exe /c /nologo /Ox /MD /W3 /GS- /DNDEBUG -DHAVE_LIBJPEG -DHAVE_LIBZ -DHAVE_LIBTIFF -IlibImaging -Ideps -IC:\Python26\include -IE:\python\pt2\PC /TclibImaging\Paste.c /Fobuild\temp.win32-2.6\Release\libImaging\Paste.obj
Paste.c
C:\Program Files (x86)\Microsoft Visual Studio 9.0\VC\BIN\cl.exe /c /nologo /Ox /MD /W3 /GS- /DNDEBUG -DHAVE_LIBJPEG -DHAVE_LIBZ -DHAVE_LIBTIFF -IlibImaging -Ideps -IC:\Python26\include -IE:\python\pt2\PC /TclibImaging\Quant.c /Fobuild\temp.win32-2.6\Release\libImaging\Quant.obj
Quant.c
C:\Program Files (x86)\Microsoft Visual Studio 9.0\VC\BIN\cl.exe /c /nologo /Ox /MD /W3 /GS- /DNDEBUG -DHAVE_LIBJPEG -DHAVE_LIBZ -DHAVE_LIBTIFF -IlibImaging -Ideps -IC:\Python26\include -IE:\python\pt2\PC /TclibImaging\QuantHash.c /Fobuild\temp.win32-2.6\Release\libImaging\QuantHash.obj
QuantHash.c
C:\Program Files (x86)\Microsoft Visual Studio 9.0\VC\BIN\cl.exe /c /nologo /Ox /MD /W3 /GS- /DNDEBUG -DHAVE_LIBJPEG -DHAVE_LIBZ -DHAVE_LIBTIFF -IlibImaging -Ideps -IC:\Python26\include -IE:\python\pt2\PC /TclibImaging\QuantHeap.c /Fobuild\temp.win32-2.6\Release\libImaging\QuantHeap.obj
QuantHeap.c
C:\Program Files (x86)\Microsoft Visual Studio 9.0\VC\BIN\cl.exe /c /nologo /Ox /MD /W3 /GS- /DNDEBUG -DHAVE_LIBJPEG -DHAVE_LIBZ -DHAVE_LIBTIFF -IlibImaging -Ideps -IC:\Python26\include -IE:\python\pt2\PC /TclibImaging\PcdDecode.c /Fobuild\temp.win32-2.6\Release\libImaging\PcdDecode.obj
PcdDecode.c
C:\Program Files (x86)\Microsoft Visual Studio 9.0\VC\BIN\cl.exe /c /nologo /Ox /MD /W3 /GS- /DNDEBUG -DHAVE_LIBJPEG -DHAVE_LIBZ -DHAVE_LIBTIFF -IlibImaging -Ideps -IC:\Python26\include -IE:\python\pt2\PC /TclibImaging\PcxDecode.c /Fobuild\temp.win32-2.6\Release\libImaging\PcxDecode.obj
PcxDecode.c
C:\Program Files (x86)\Microsoft Visual Studio 9.0\VC\BIN\cl.exe /c /nologo /Ox /MD /W3 /GS- /DNDEBUG -DHAVE_LIBJPEG -DHAVE_LIBZ -DHAVE_LIBTIFF -IlibImaging -Ideps -IC:\Python26\include -IE:\python\pt2\PC /TclibImaging\PcxEncode.c /Fobuild\temp.win32-2.6\Release\libImaging\PcxEncode.obj
PcxEncode.c
C:\Program Files (x86)\Microsoft Visual Studio 9.0\VC\BIN\cl.exe /c /nologo /Ox /MD /W3 /GS- /DNDEBUG -DHAVE_LIBJPEG -DHAVE_LIBZ -DHAVE_LIBTIFF -IlibImaging -Ideps -IC:\Python26\include -IE:\python\pt2\PC /TclibImaging\Point.c /Fobuild\temp.win32-2.6\Release\libImaging\Point.obj
Point.c
C:\Program Files (x86)\Microsoft Visual Studio 9.0\VC\BIN\cl.exe /c /nologo /Ox /MD /W3 /GS- /DNDEBUG -DHAVE_LIBJPEG -DHAVE_LIBZ -DHAVE_LIBTIFF -IlibImaging -Ideps -IC:\Python26\include -IE:\python\pt2\PC /TclibImaging\RankFilter.c /Fobuild\temp.win32-2.6\Release\libImaging\RankFilter.obj
RankFilter.c
C:\Program Files (x86)\Microsoft Visual Studio 9.0\VC\BIN\cl.exe /c /nologo /Ox /MD /W3 /GS- /DNDEBUG -DHAVE_LIBJPEG -DHAVE_LIBZ -DHAVE_LIBTIFF -IlibImaging -Ideps -IC:\Python26\include -IE:\python\pt2\PC /TclibImaging\RawDecode.c /Fobuild\temp.win32-2.6\Release\libImaging\RawDecode.obj
RawDecode.c
C:\Program Files (x86)\Microsoft Visual Studio 9.0\VC\BIN\cl.exe /c /nologo /Ox /MD /W3 /GS- /DNDEBUG -DHAVE_LIBJPEG -DHAVE_LIBZ -DHAVE_LIBTIFF -IlibImaging -Ideps -IC:\Python26\include -IE:\python\pt2\PC /TclibImaging\RawEncode.c /Fobuild\temp.win32-2.6\Release\libImaging\RawEncode.obj
RawEncode.c
C:\Program Files (x86)\Microsoft Visual Studio 9.0\VC\BIN\cl.exe /c /nologo /Ox /MD /W3 /GS- /DNDEBUG -DHAVE_LIBJPEG -DHAVE_LIBZ -DHAVE_LIBTIFF -IlibImaging -Ideps -IC:\Python26\include -IE:\python\pt2\PC /TclibImaging\Storage.c /Fobuild\temp.win32-2.6\Release\libImaging\Storage.obj
Storage.c
C:\Program Files (x86)\Microsoft Visual Studio 9.0\VC\BIN\cl.exe /c /nologo /Ox /MD /W3 /GS- /DNDEBUG -DHAVE_LIBJPEG -DHAVE_LIBZ -DHAVE_LIBTIFF -IlibImaging -Ideps -IC:\Python26\include -IE:\python\pt2\PC /TclibImaging\SunRleDecode.c /Fobuild\temp.win32-2.6\Release\libImaging\SunRleDecode.obj
SunRleDecode.c
C:\Program Files (x86)\Microsoft Visual Studio 9.0\VC\BIN\cl.exe /c /nologo /Ox /MD /W3 /GS- /DNDEBUG -DHAVE_LIBJPEG -DHAVE_LIBZ -DHAVE_LIBTIFF -IlibImaging -Ideps -IC:\Python26\include -IE:\python\pt2\PC /TclibImaging\TgaRleDecode.c /Fobuild\temp.win32-2.6\Release\libImaging\TgaRleDecode.obj
TgaRleDecode.c
C:\Program Files (x86)\Microsoft Visual Studio 9.0\VC\BIN\cl.exe /c /nologo /Ox /MD /W3 /GS- /DNDEBUG -DHAVE_LIBJPEG -DHAVE_LIBZ -DHAVE_LIBTIFF -IlibImaging -Ideps -IC:\Python26\include -IE:\python\pt2\PC /TclibImaging\Unpack.c /Fobuild\temp.win32-2.6\Release\libImaging\Unpack.obj
Unpack.c
C:\Program Files (x86)\Microsoft Visual Studio 9.0\VC\BIN\cl.exe /c /nologo /Ox /MD /W3 /GS- /DNDEBUG -DHAVE_LIBJPEG -DHAVE_LIBZ -DHAVE_LIBTIFF -IlibImaging -Ideps -IC:\Python26\include -IE:\python\pt2\PC /TclibImaging\UnpackYCC.c /Fobuild\temp.win32-2.6\Release\libImaging\UnpackYCC.obj
UnpackYCC.c
C:\Program Files (x86)\Microsoft Visual Studio 9.0\VC\BIN\cl.exe /c /nologo /Ox /MD /W3 /GS- /DNDEBUG -DHAVE_LIBJPEG -DHAVE_LIBZ -DHAVE_LIBTIFF -IlibImaging -Ideps -IC:\Python26\include -IE:\python\pt2\PC /TclibImaging\UnsharpMask.c /Fobuild\temp.win32-2.6\Release\libImaging\UnsharpMask.obj
UnsharpMask.c
C:\Program Files (x86)\Microsoft Visual Studio 9.0\VC\BIN\cl.exe /c /nologo /Ox /MD /W3 /GS- /DNDEBUG -DHAVE_LIBJPEG -DHAVE_LIBZ -DHAVE_LIBTIFF -IlibImaging -Ideps -IC:\Python26\include -IE:\python\pt2\PC /TclibImaging\XbmDecode.c /Fobuild\temp.win32-2.6\Release\libImaging\XbmDecode.obj
XbmDecode.c
C:\Program Files (x86)\Microsoft Visual Studio 9.0\VC\BIN\cl.exe /c /nologo /Ox /MD /W3 /GS- /DNDEBUG -DHAVE_LIBJPEG -DHAVE_LIBZ -DHAVE_LIBTIFF -IlibImaging -Ideps -IC:\Python26\include -IE:\python\pt2\PC /TclibImaging\XbmEncode.c /Fobuild\temp.win32-2.6\Release\libImaging\XbmEncode.obj
XbmEncode.c
C:\Program Files (x86)\Microsoft Visual Studio 9.0\VC\BIN\cl.exe /c /nologo /Ox /MD /W3 /GS- /DNDEBUG -DHAVE_LIBJPEG -DHAVE_LIBZ -DHAVE_LIBTIFF -IlibImaging -Ideps -IC:\Python26\include -IE:\python\pt2\PC /TclibImaging\ZipDecode.c /Fobuild\temp.win32-2.6\Release\libImaging\ZipDecode.obj
ZipDecode.c
C:\Program Files (x86)\Microsoft Visual Studio 9.0\VC\BIN\cl.exe /c /nologo /Ox /MD /W3 /GS- /DNDEBUG -DHAVE_LIBJPEG -DHAVE_LIBZ -DHAVE_LIBTIFF -IlibImaging -Ideps -IC:\Python26\include -IE:\python\pt2\PC /TclibImaging\ZipEncode.c /Fobuild\temp.win32-2.6\Release\libImaging\ZipEncode.obj
ZipEncode.c
C:\Program Files (x86)\Microsoft Visual Studio 9.0\VC\BIN\cl.exe /c /nologo /Ox /MD /W3 /GS- /DNDEBUG -DHAVE_LIBJPEG -DHAVE_LIBZ -DHAVE_LIBTIFF -IlibImaging -Ideps -IC:\Python26\include -IE:\python\pt2\PC /TclibImaging\TiffDecode.c /Fobuild\temp.win32-2.6\Release\libImaging\TiffDecode.obj
TiffDecode.c
C:\Program Files (x86)\Microsoft Visual Studio 9.0\VC\BIN\link.exe /DLL /nologo /INCREMENTAL:NO /LIBPATH:E:\python\pt2\lib /LIBPATH:deps /LIBPATH:C:\Python26\Libs /LIBPATH:E:\python\pt2\libs /LIBPATH:E:\python\pt2\PCbuild libjpeg.lib zlib.lib libtiff.lib kernel32.lib user32.lib gdi32.lib /EXPORT:init_imaging build\temp.win32-2.6\Release\_imaging.obj build\temp.win32-2.6\Release\decode.obj build\temp.win32-2.6\Release\encode.obj build\temp.win32-2.6\Release\map.obj build\temp.win32-2.6\Release\display.obj build\temp.win32-2.6\Release\outline.obj build\temp.win32-2.6\Release\path.obj build\temp.win32-2.6\Release\libImaging\Access.obj build\temp.win32-2.6\Release\libImaging\Antialias.obj build\temp.win32-2.6\Release\libImaging\Bands.obj build\temp.win32-2.6\Release\libImaging\BitDecode.obj build\temp.win32-2.6\Release\libImaging\Blend.obj build\temp.win32-2.6\Release\libImaging\Chops.obj build\temp.win32-2.6\Release\libImaging\Convert.obj build\temp.win32-2.6\Release\libImaging\ConvertYCbCr.obj build\temp.win32-2.6\Release\libImaging\Copy.obj build\temp.win32-2.6\Release\libImaging\Crc32.obj build\temp.win32-2.6\Release\libImaging\Crop.obj build\temp.win32-2.6\Release\libImaging\Dib.obj build\temp.win32-2.6\Release\libImaging\Draw.obj build\temp.win32-2.6\Release\libImaging\Effects.obj build\temp.win32-2.6\Release\libImaging\EpsEncode.obj build\temp.win32-2.6\Release\libImaging\File.obj build\temp.win32-2.6\Release\libImaging\Fill.obj build\temp.win32-2.6\Release\libImaging\Filter.obj build\temp.win32-2.6\Release\libImaging\FliDecode.obj build\temp.win32-2.6\Release\libImaging\Geometry.obj build\temp.win32-2.6\Release\libImaging\GetBBox.obj build\temp.win32-2.6\Release\libImaging\GifDecode.obj build\temp.win32-2.6\Release\libImaging\GifEncode.obj build\temp.win32-2.6\Release\libImaging\HexDecode.obj build\temp.win32-2.6\Release\libImaging\Histo.obj build\temp.win32-2.6\Release\libImaging\JpegDecode.obj build\temp.win32-2.6\Release\libImaging\JpegEncode.obj build\temp.win32-2.6\Release\libImaging\LzwDecode.obj build\temp.win32-2.6\Release\libImaging\Matrix.obj build\temp.win32-2.6\Release\libImaging\ModeFilter.obj build\temp.win32-2.6\Release\libImaging\MspDecode.obj build\temp.win32-2.6\Release\libImaging\Negative.obj build\temp.win32-2.6\Release\libImaging\Offset.obj build\temp.win32-2.6\Release\libImaging\Pack.obj build\temp.win32-2.6\Release\libImaging\PackDecode.obj build\temp.win32-2.6\Release\libImaging\Palette.obj build\temp.win32-2.6\Release\libImaging\Paste.obj build\temp.win32-2.6\Release\libImaging\Quant.obj build\temp.win32-2.6\Release\libImaging\QuantHash.obj build\temp.win32-2.6\Release\libImaging\QuantHeap.obj build\temp.win32-2.6\Release\libImaging\PcdDecode.obj build\temp.win32-2.6\Release\libImaging\PcxDecode.obj build\temp.win32-2.6\Release\libImaging\PcxEncode.obj build\temp.win32-2.6\Release\libImaging\Point.obj build\temp.win32-2.6\Release\libImaging\RankFilter.obj build\temp.win32-2.6\Release\libImaging\RawDecode.obj build\temp.win32-2.6\Release\libImaging\RawEncode.obj build\temp.win32-2.6\Release\libImaging\Storage.obj build\temp.win32-2.6\Release\libImaging\SunRleDecode.obj build\temp.win32-2.6\Release\libImaging\TgaRleDecode.obj build\temp.win32-2.6\Release\libImaging\Unpack.obj build\temp.win32-2.6\Release\libImaging\UnpackYCC.obj build\temp.win32-2.6\Release\libImaging\UnsharpMask.obj build\temp.win32-2.6\Release\libImaging\XbmDecode.obj build\temp.win32-2.6\Release\libImaging\XbmEncode.obj build\temp.win32-2.6\Release\libImaging\ZipDecode.obj build\temp.win32-2.6\Release\libImaging\ZipEncode.obj build\temp.win32-2.6\Release\libImaging\TiffDecode.obj /OUT:build\lib.win32-2.6\_imaging.pyd /IMPLIB:build\temp.win32-2.6\Release\_imaging.lib /MANIFESTFILE:build\temp.win32-2.6\Release\_imaging.pyd.manifest
   Creating library build\temp.win32-2.6\Release\_imaging.lib and object build\temp.win32-2.6\Release\_imaging.exp
TiffDecode.obj : warning LNK4217: locally defined symbol __TIFFmemset imported in function _ImagingLibTiffInit
TiffDecode.obj : warning LNK4217: locally defined symbol _TIFFFindCODEC imported in function _ImagingLibTiffInit
TiffDecode.obj : warning LNK4217: locally defined symbol _TIFFSetWarningHandler imported in function _ImagingLibTiffInit
TiffDecode.obj : warning LNK4217: locally defined symbol _TIFFSetErrorHandler imported in function _ImagingLibTiffInit
TiffDecode.obj : warning LNK4217: locally defined symbol _TIFFScanlineSize imported in function _ImagingLibTiffDecode
C:\Program Files\Microsoft SDKs\Windows\v6.0A\bin\mt.exe -nologo -manifest build\temp.win32-2.6\Release\_imaging.pyd.manifest -outputresource:build\lib.win32-2.6\_imaging.pyd;2
building '_imagingft' extension
C:\Program Files (x86)\Microsoft Visual Studio 9.0\VC\BIN\cl.exe /c /nologo /Ox /MD /W3 /GS- /DNDEBUG -IlibImaging -Ideps -IC:\Python26\include -IE:\python\pt2\PC /Tc_imagingft.c /Fobuild\temp.win32-2.6\Release\_imagingft.obj
_imagingft.c
C:\Program Files (x86)\Microsoft Visual Studio 9.0\VC\BIN\link.exe /DLL /nologo /INCREMENTAL:NO /LIBPATH:E:\python\pt2\lib /LIBPATH:deps /LIBPATH:C:\Python26\Libs /LIBPATH:E:\python\pt2\libs /LIBPATH:E:\python\pt2\PCbuild freetype.lib /EXPORT:init_imagingft build\temp.win32-2.6\Release\_imagingft.obj /OUT:build\lib.win32-2.6\_imagingft.pyd /IMPLIB:build\temp.win32-2.6\Release\_imagingft.lib /MANIFESTFILE:build\temp.win32-2.6\Release\_imagingft.pyd.manifest
   Creating library build\temp.win32-2.6\Release\_imagingft.lib and object build\temp.win32-2.6\Release\_imagingft.exp
C:\Program Files\Microsoft SDKs\Windows\v6.0A\bin\mt.exe -nologo -manifest build\temp.win32-2.6\Release\_imagingft.pyd.manifest -outputresource:build\lib.win32-2.6\_imagingft.pyd;2
building '_imagingmath' extension
C:\Program Files (x86)\Microsoft Visual Studio 9.0\VC\BIN\cl.exe /c /nologo /Ox /MD /W3 /GS- /DNDEBUG -IlibImaging -Ideps -IC:\Python26\include -IE:\python\pt2\PC /Tc_imagingmath.c /Fobuild\temp.win32-2.6\Release\_imagingmath.obj
_imagingmath.c
C:\Program Files (x86)\Microsoft Visual Studio 9.0\VC\BIN\link.exe /DLL /nologo /INCREMENTAL:NO /LIBPATH:E:\python\pt2\lib /LIBPATH:deps /LIBPATH:C:\Python26\Libs /LIBPATH:E:\python\pt2\libs /LIBPATH:E:\python\pt2\PCbuild /EXPORT:init_imagingmath build\temp.win32-2.6\Release\_imagingmath.obj /OUT:build\lib.win32-2.6\_imagingmath.pyd /IMPLIB:build\temp.win32-2.6\Release\_imagingmath.lib /MANIFESTFILE:build\temp.win32-2.6\Release\_imagingmath.pyd.manifest
   Creating library build\temp.win32-2.6\Release\_imagingmath.lib and object build\temp.win32-2.6\Release\_imagingmath.exp
C:\Program Files\Microsoft SDKs\Windows\v6.0A\bin\mt.exe -nologo -manifest build\temp.win32-2.6\Release\_imagingmath.pyd.manifest -outputresource:build\lib.win32-2.6\_imagingmath.pyd;2
--------------------------------------------------------------------
PIL 1.1.7 SETUP SUMMARY
--------------------------------------------------------------------
version       1.1.7
platform      win32 2.6.5 (r265:79096, Mar 19 2010, 21:48:26)
              [MSC v.1500 32 bit (Intel)]
--------------------------------------------------------------------
*** TKINTER support not available (Tcl/Tk 8.5 libraries needed)
--- JPEG support available
--- ZLIB (PNG/ZIP) support available
--- experimental TIFF G3/G4 read support available
--- FREETYPE2 support available
*** LITTLECMS support not available
--------------------------------------------------------------------
To add a missing option, make sure you have the required
library, and set the corresponding ROOT variable in the
setup.py script.

To check the build, run the selftest.py script.
running build_scripts
creating build\scripts-2.6
copying and adjusting Scripts\pilconvert.py -> build\scripts-2.6
copying and adjusting Scripts\pildriver.py -> build\scripts-2.6
copying and adjusting Scripts\pilfile.py -> build\scripts-2.6
copying Scripts\pilfont.py -> build\scripts-2.6
copying and adjusting Scripts\pilprint.py -> build\scripts-2.6
running install_lib
copying build\lib.win32-2.6\_imaging.pyd -> E:\python\pt2\Lib\site-packages\PIL
copying build\lib.win32-2.6\_imagingft.pyd -> E:\python\pt2\Lib\site-packages\PIL
copying build\lib.win32-2.6\_imagingmath.pyd -> E:\python\pt2\Lib\site-packages\PIL
running install_scripts
copying build\scripts-2.6\pilconvert.py -> E:\python\pt2\Scripts
copying build\scripts-2.6\pildriver.py -> E:\python\pt2\Scripts
copying build\scripts-2.6\pilfile.py -> E:\python\pt2\Scripts
copying build\scripts-2.6\pilprint.py -> E:\python\pt2\Scripts
running install_egg_info
Removing E:\python\pt2\Lib\site-packages\PIL\PIL-1.1.7-py2.6.egg-info
Writing E:\python\pt2\Lib\site-packages\PIL\PIL-1.1.7-py2.6.egg-info
creating E:\python\pt2\Lib\site-packages\PIL.pth
